Arguments: 
  /home/brian/.nvm/versions/node/v12.18.3/bin/node /usr/share/yarn/bin/yarn.js add nodemon morgan moment yargs lodash uuid jquery async jimp chalkcommander debug

PATH: 
  /home/brian/.nvm/versions/node/v12.18.3/bin:/usr/local/sbin:/usr/local/bin:/usr/sbin:/usr/bin:/sbin:/bin:/usr/games:/usr/local/games:/usr/lib/jvm/java-1.8.0-oracle-amd64/bin:/usr/lib/jvm/java-1.8.0-oracle-amd64/db/bin:/usr/lib/jvm/java-1.8.0-oracle-amd64/jre/bin:/snap/bin:/usr/lib/jvm/java-12-oracle/bin:/usr/lib/jvm/java-12-oracle/db/bin:/home/brian/Android/Sdk/tools:/home/brian/Android/Sdk/platform-tools:/home/brian/.sdkman/candidates/gradle/current/bin:/home/brian/Android/Sdk/tools:/home/brian/Android/Sdk/platform-tools:/home/brian/.sdkman/candidates/gradle/current/bin

Yarn version: 
  1.21.1

Node version: 
  12.18.3

Platform: 
  linux x64

Trace: 
  Error: https://registry.yarnpkg.com/chalkcommander: Not found
      at Request.params.callback [as _callback] (/usr/share/yarn/lib/cli.js:66947:18)
      at Request.self.callback (/usr/share/yarn/lib/cli.js:140665:22)
      at Request.emit (events.js:315:20)
      at Request.<anonymous> (/usr/share/yarn/lib/cli.js:141637:10)
      at Request.emit (events.js:315:20)
      at IncomingMessage.<anonymous> (/usr/share/yarn/lib/cli.js:141559:12)
      at Object.onceWrapper (events.js:421:28)
      at IncomingMessage.emit (events.js:327:22)
      at endReadableNT (_stream_readable.js:1220:12)
      at processTicksAndRejections (internal/process/task_queues.js:84:21)

npm manifest: 
  {
    "name": "unidad-2",
    "version": "1.0.0",
    "description": "",
    "main": "index.js",
    "scripts": {
      "test": "echo \"Error: no test specified\" && exit 1"
    },
    "author": "",
    "license": "ISC"
  }

yarn manifest: 
  No manifest

Lockfile: 
  No lockfile
